<?xml version="1.0" encoding="UTF-8"?>
<robot generator="Robot 6.0.2 (Python 3.10.10 on win32)" generated="20230320 10:37:02.859" rpa="false" schemaversion="3">
<suite id="s1" name="Robot-Sample01" source="E:\VS-CodeProject\py2023\Git-samples\robot-sample01">
<suite id="s1-s1" name="Tests" source="E:\VS-CodeProject\py2023\Git-samples\robot-sample01\Tests">
<suite id="s1-s1-s1" name="Sample" source="E:\VS-CodeProject\py2023\Git-samples\robot-sample01\Tests\sample">
<suite id="s1-s1-s1-s1" name="Suite01" source="E:\VS-CodeProject\py2023\Git-samples\robot-sample01\Tests\sample\suite01.robot">
<test id="s1-s1-s1-s1-t1" name="Search Google01" line="21">
<kw name="start chrome with options">
<kw name="Evaluate" library="BuiltIn">
<var>${chrome_options}</var>
<arg>selenium.webdriver.ChromeOptions()</arg>
<doc>Evaluates the given expression in Python and returns the result.</doc>
<msg timestamp="20230320 10:37:03.413" level="INFO">${chrome_options} = &lt;selenium.webdriver.chrome.options.Options object at 0x0000019C66FFF9A0&gt;</msg>
<status status="PASS" starttime="20230320 10:37:03.412" endtime="20230320 10:37:03.414"/>
</kw>
<kw name="Call Method" library="BuiltIn">
<arg>${chrome_options}</arg>
<arg>add_argument</arg>
<arg>--log-level\=3</arg>
<doc>Calls the named method of the given object with the provided arguments.</doc>
<status status="PASS" starttime="20230320 10:37:03.415" endtime="20230320 10:37:03.416"/>
</kw>
<kw name="Call Method" library="BuiltIn">
<arg>${chrome_options}</arg>
<arg>add_argument</arg>
<arg>--start-maximized</arg>
<doc>Calls the named method of the given object with the provided arguments.</doc>
<status status="PASS" starttime="20230320 10:37:03.417" endtime="20230320 10:37:03.418"/>
</kw>
<kw name="Call Method" library="BuiltIn">
<arg>${chrome_options}</arg>
<arg>add_argument</arg>
<arg>--window-size\=800,600</arg>
<doc>Calls the named method of the given object with the provided arguments.</doc>
<status status="PASS" starttime="20230320 10:37:03.418" endtime="20230320 10:37:03.419"/>
</kw>
<kw name="Call Method" library="BuiltIn">
<arg>${chrome_options}</arg>
<arg>add_argument</arg>
<arg>--remote-allow-origins\=*</arg>
<doc>Calls the named method of the given object with the provided arguments.</doc>
<status status="PASS" starttime="20230320 10:37:03.419" endtime="20230320 10:37:03.420"/>
</kw>
<kw name="Call Method" library="BuiltIn">
<arg>${chrome_options}</arg>
<arg>add_argument</arg>
<arg>--disable-notifications</arg>
<doc>Calls the named method of the given object with the provided arguments.</doc>
<status status="PASS" starttime="20230320 10:37:03.420" endtime="20230320 10:37:03.421"/>
</kw>
<kw name="Call Method" library="BuiltIn">
<arg>${chrome_options}</arg>
<arg>add_argument</arg>
<arg>--disable-infobars</arg>
<doc>Calls the named method of the given object with the provided arguments.</doc>
<status status="PASS" starttime="20230320 10:37:03.421" endtime="20230320 10:37:03.422"/>
</kw>
<kw name="Call Method" library="BuiltIn">
<arg>${chrome_options}</arg>
<arg>add_argument</arg>
<arg>--headless</arg>
<doc>Calls the named method of the given object with the provided arguments.</doc>
<status status="PASS" starttime="20230320 10:37:03.422" endtime="20230320 10:37:03.423"/>
</kw>
<kw name="Call Method" library="BuiltIn">
<arg>${chrome_options}</arg>
<arg>add_argument</arg>
<arg>--disable-extensions</arg>
<doc>Calls the named method of the given object with the provided arguments.</doc>
<status status="PASS" starttime="20230320 10:37:03.423" endtime="20230320 10:37:03.423"/>
</kw>
<kw name="Create Webdriver" library="SeleniumLibrary">
<arg>Chrome</arg>
<arg>chrome_options=${chrome_options}</arg>
<arg>executable_path=E:/Selenium-3.6/chrome111</arg>
<doc>Creates an instance of Selenium WebDriver.</doc>
<msg timestamp="20230320 10:37:03.424" level="INFO">Creating an instance of the Chrome WebDriver.</msg>
<msg timestamp="20230320 10:37:03.427" level="INFO">Cannot capture screenshot because no browser is open.</msg>
<msg timestamp="20230320 10:37:03.428" level="FAIL">AttributeError: 'Service' object has no attribute 'process'</msg>
<status status="FAIL" starttime="20230320 10:37:03.424" endtime="20230320 10:37:03.435"/>
</kw>
<status status="FAIL" starttime="20230320 10:37:03.411" endtime="20230320 10:37:03.436"/>
</kw>
<kw name="open search engine">
<status status="NOT RUN" starttime="20230320 10:37:03.436" endtime="20230320 10:37:03.437"/>
</kw>
<kw name="enter search term">
<arg>juke box</arg>
<status status="NOT RUN" starttime="20230320 10:37:03.437" endtime="20230320 10:37:03.437"/>
</kw>
<status status="FAIL" starttime="20230320 10:37:03.409" endtime="20230320 10:37:03.438">AttributeError: 'Service' object has no attribute 'process'</status>
</test>
<doc>sample github ci tests</doc>
<status status="FAIL" starttime="20230320 10:37:02.911" endtime="20230320 10:37:03.441"/>
</suite>
<status status="FAIL" starttime="20230320 10:37:02.905" endtime="20230320 10:37:03.446"/>
</suite>
<status status="FAIL" starttime="20230320 10:37:02.899" endtime="20230320 10:37:03.452"/>
</suite>
<status status="FAIL" starttime="20230320 10:37:02.866" endtime="20230320 10:37:03.455"/>
</suite>
<statistics>
<total>
<stat pass="0" fail="1" skip="0">All Tests</stat>
</total>
<tag>
</tag>
<suite>
<stat pass="0" fail="1" skip="0" id="s1" name="Robot-Sample01">Robot-Sample01</stat>
<stat pass="0" fail="1" skip="0" id="s1-s1" name="Tests">Robot-Sample01.Tests</stat>
<stat pass="0" fail="1" skip="0" id="s1-s1-s1" name="Sample">Robot-Sample01.Tests.Sample</stat>
<stat pass="0" fail="1" skip="0" id="s1-s1-s1-s1" name="Suite01">Robot-Sample01.Tests.Sample.Suite01</stat>
</suite>
</statistics>
<errors>
</errors>
</robot>
